#
# There is insufficient memory for the Java Runtime Environment to continue.
# Native memory allocation (mmap) failed to map 262144 bytes for committing reserved memory.
# Possible reasons:
#   The system is out of physical RAM or swap space
#   In 32 bit mode, the process size limit was hit
# Possible solutions:
#   Reduce memory load on the system
#   Increase physical memory or swap space
#   Check if swap backing store is full
#   Use 64 bit Java on a 64 bit OS
#   Decrease Java heap size (-Xmx/-Xms)
#   Decrease number of Java threads
#   Decrease Java thread stack sizes (-Xss)
#   Set larger code cache with -XX:ReservedCodeCacheSize=
# This output file may be truncated or incomplete.
#
#  Out of Memory Error (os_linux.cpp:2651), pid=22762, tid=0x00007fb735c0c700
#
# JRE version: OpenJDK Runtime Environment (8.0_141-b16) (build 1.8.0_141-b16)
# Java VM: OpenJDK 64-Bit Server VM (25.141-b16 mixed mode linux-amd64 compressed oops)
# Failed to write core dump. Core dumps have been disabled. To enable core dumping, try "ulimit -c unlimited" before starting Java again
#

---------------  T H R E A D  ---------------

Current thread (0x00007fb72c009000):  JavaThread "main" [_thread_in_vm, id=22763, stack(0x00007fb735b0c000,0x00007fb735c0d000)]

Stack: [0x00007fb735b0c000,0x00007fb735c0d000],  sp=0x00007fb735c081f0,  free space=1008k
Native frames: (J=compiled Java code, j=interpreted, Vv=VM code, C=native code)
V  [libjvm.so+0xa1c7ed]
V  [libjvm.so+0x4cb7fa]
V  [libjvm.so+0x87b6b0]
V  [libjvm.so+0x875d6e]
V  [libjvm.so+0xa195e4]
V  [libjvm.so+0x80a1a3]
V  [libjvm.so+0x80a421]
V  [libjvm.so+0x80b030]
V  [libjvm.so+0x80b11b]
V  [libjvm.so+0x80b89d]
V  [libjvm.so+0x80ba07]
V  [libjvm.so+0x81220f]
V  [libjvm.so+0x438e38]
V  [libjvm.so+0x43a3eb]
V  [libjvm.so+0x43b671]
V  [libjvm.so+0x4428d2]
V  [libjvm.so+0x991a42]
V  [libjvm.so+0x99247a]
V  [libjvm.so+0x992908]
V  [libjvm.so+0x4c26b3]
V  [libjvm.so+0x63cb3c]
j  com.sun.org.apache.xerces.internal.impl.XMLEntityManager.<init>()V+164
j  com.sun.org.apache.xerces.internal.parsers.XML11Configuration.<init>(Lcom/sun/org/apache/xerces/internal/util/SymbolTable;Lcom/sun/org/apache/xerces/internal/xni/grammars/XMLGrammarPool;Lcom/sun/org/apache/xerces/internal/xni/parser/XMLComponentManager;)V+701
j  com.sun.org.apache.xerces.internal.parsers.XIncludeAwareParserConfiguration.<init>(Lcom/sun/org/apache/xerces/internal/util/SymbolTable;Lcom/sun/org/apache/xerces/internal/xni/grammars/XMLGrammarPool;Lcom/sun/org/apache/xerces/internal/xni/parser/XMLComponentManager;)V+4
j  com.sun.org.apache.xerces.internal.parsers.XIncludeAwareParserConfiguration.<init>()V+4
j  com.sun.org.apache.xerces.internal.parsers.DOMParser.<init>(Lcom/sun/org/apache/xerces/internal/util/SymbolTable;Lcom/sun/org/apache/xerces/internal/xni/grammars/XMLGrammarPool;)V+5
j  com.sun.org.apache.xerces.internal.parsers.DOMParser.<init>()V+3
j  com.sun.org.apache.xerces.internal.jaxp.DocumentBuilderImpl.<init>(Lcom/sun/org/apache/xerces/internal/jaxp/DocumentBuilderFactoryImpl;Ljava/util/Map;Ljava/util/Map;Z)V+9
j  com.sun.org.apache.xerces.internal.jaxp.DocumentBuilderImpl.<init>(Lcom/sun/org/apache/xerces/internal/jaxp/DocumentBuilderFactoryImpl;Ljava/util/Map;Ljava/util/Map;)V+5
j  com.sun.org.apache.xerces.internal.jaxp.DocumentBuilderFactoryImpl.setAttribute(Ljava/lang/String;Ljava/lang/Object;)V+66
j  org.springframework.beans.factory.xml.DefaultDocumentLoader.createDocumentBuilderFactory(IZ)Ljavax/xml/parsers/DocumentBuilderFactory;+33
j  org.springframework.beans.factory.xml.DefaultDocumentLoader.loadDocument(Lorg/xml/sax/InputSource;Lorg/xml/sax/EntityResolver;Lorg/xml/sax/ErrorHandler;IZ)Lorg/w3c/dom/Document;+5
j  org.springframework.beans.factory.xml.XmlBeanDefinitionReader.doLoadDocument(Lorg/xml/sax/InputSource;Lorg/springframework/core/io/Resource;)Lorg/w3c/dom/Document;+22
j  org.springframework.beans.factory.xml.XmlBeanDefinitionReader.doLoadBeanDefinitions(Lorg/xml/sax/InputSource;Lorg/springframework/core/io/Resource;)I+3
j  org.springframework.beans.factory.xml.XmlBeanDefinitionReader.loadBeanDefinitions(Lorg/springframework/core/io/support/EncodedResource;)I+166
j  org.springframework.beans.factory.xml.XmlBeanDefinitionReader.loadBeanDefinitions(Lorg/springframework/core/io/Resource;)I+9
j  org.springframework.beans.factory.support.AbstractBeanDefinitionReader.loadBeanDefinitions([Lorg/springframework/core/io/Resource;)I+34
j  org.springframework.beans.factory.support.AbstractBeanDefinitionReader.loadBeanDefinitions(Ljava/lang/String;Ljava/util/Set;)I+63
j  org.springframework.beans.factory.support.AbstractBeanDefinitionReader.loadBeanDefinitions(Ljava/lang/String;)I+3
j  org.springframework.beans.factory.support.AbstractBeanDefinitionReader.loadBeanDefinitions([Ljava/lang/String;)I+34
j  org.springframework.test.context.support.AbstractGenericContextLoader.loadBeanDefinitions(Lorg/springframework/context/support/GenericApplicationContext;Lorg/springframework/test/context/MergedContextConfiguration;)V+9
j  org.springframework.test.context.support.AbstractGenericContextLoader.loadContext(Lorg/springframework/test/context/MergedContextConfiguration;)Lorg/springframework/context/ConfigurableApplicationContext;+81
j  org.springframework.test.context.support.AbstractGenericContextLoader.loadContext(Lorg/springframework/test/context/MergedContextConfiguration;)Lorg/springframework/context/ApplicationContext;+2
j  org.springframework.test.context.support.AbstractDelegatingSmartContextLoader.delegateLoading(Lorg/springframework/test/context/SmartContextLoader;Lorg/springframework/test/context/MergedContextConfiguration;)Lorg/springframework/context/ApplicationContext;+41
j  org.springframework.test.context.support.AbstractDelegatingSmartContextLoader.loadContext(Lorg/springframework/test/context/MergedContextConfiguration;)Lorg/springframework/context/ApplicationContext;+123
j  org.springframework.test.context.cache.DefaultCacheAwareContextLoaderDelegate.loadContextInternal(Lorg/springframework/test/context/MergedContextConfiguration;)Lorg/springframework/context/ApplicationContext;+27
j  org.springframework.test.context.cache.DefaultCacheAwareContextLoaderDelegate.loadContext(Lorg/springframework/test/context/MergedContextConfiguration;)Lorg/springframework/context/ApplicationContext;+24
j  org.springframework.test.context.support.DefaultTestContext.getApplicationContext()Lorg/springframework/context/ApplicationContext;+8
j  org.springframework.test.context.support.DependencyInjectionTestExecutionListener.injectDependencies(Lorg/springframework/test/context/TestContext;)V+8
j  org.springframework.test.context.support.DependencyInjectionTestExecutionListener.prepareTestInstance(Lorg/springframework/test/context/TestContext;)V+45
j  org.springframework.test.context.TestContextManager.prepareTestInstance(Ljava/lang/Object;)V+95
j  org.springframework.test.context.junit4.SpringJUnit4ClassRunner.createTest()Ljava/lang/Object;+10
j  org.springframework.test.context.junit4.SpringJUnit4ClassRunner$1.runReflectiveCall()Ljava/lang/Object;+4
j  org.junit.internal.runners.model.ReflectiveCallable.run()Ljava/lang/Object;+1
j  org.springframework.test.context.junit4.SpringJUnit4ClassRunner.methodBlock(Lorg/junit/runners/model/FrameworkMethod;)Lorg/junit/runners/model/Statement;+8
j  org.springframework.test.context.junit4.SpringJUnit4ClassRunner.runChild(Lorg/junit/runners/model/FrameworkMethod;Lorg/junit/runner/notification/RunNotifier;)V+24
j  org.springframework.test.context.junit4.SpringJUnit4ClassRunner.runChild(Ljava/lang/Object;Lorg/junit/runner/notification/RunNotifier;)V+6
j  org.junit.runners.ParentRunner$3.run()V+12
j  org.junit.runners.ParentRunner$1.schedule(Ljava/lang/Runnable;)V+1
j  org.junit.runners.ParentRunner.runChildren(Lorg/junit/runner/notification/RunNotifier;)V+44
j  org.junit.runners.ParentRunner.access$000(Lorg/junit/runners/ParentRunner;Lorg/junit/runner/notification/RunNotifier;)V+2
j  org.junit.runners.ParentRunner$2.evaluate()V+8
j  org.springframework.test.context.junit4.statements.RunBeforeTestClassCallbacks.evaluate()V+11
j  org.springframework.test.context.junit4.statements.RunAfterTestClassCallbacks.evaluate()V+12
j  org.junit.runners.ParentRunner.run(Lorg/junit/runner/notification/RunNotifier;)V+20
j  org.springframework.test.context.junit4.SpringJUnit4ClassRunner.run(Lorg/junit/runner/notification/RunNotifier;)V+24
j  org.apache.maven.surefire.junit4.JUnit4Provider.execute(Ljava/lang/Class;Lorg/junit/runner/notification/RunNotifier;[Ljava/lang/String;)V+116
j  org.apache.maven.surefire.junit4.JUnit4Provider.executeTestSet(Ljava/lang/Class;Lorg/apache/maven/surefire/report/RunListener;Lorg/junit/runner/notification/RunNotifier;)V+70
j  org.apache.maven.surefire.junit4.JUnit4Provider.invoke(Ljava/lang/Object;)Lorg/apache/maven/surefire/suite/RunResult;+133
v  ~StubRoutines::call_stub
V  [libjvm.so+0x646cca]
V  [libjvm.so+0x8f8dc2]
V  [libjvm.so+0x8f97c3]
V  [libjvm.so+0x6935a3]  JVM_InvokeMethod+0x193
j  sun.reflect.NativeMethodAccessorImpl.invoke0(Ljava/lang/reflect/Method;Ljava/lang/Object;[Ljava/lang/Object;)Ljava/lang/Object;+0
j  sun.reflect.NativeMethodAccessorImpl.invoke(Ljava/lang/Object;[Ljava/lang/Object;)Ljava/lang/Object;+100
j  sun.reflect.DelegatingMethodAccessorImpl.invoke(Ljava/lang/Object;[Ljava/lang/Object;)Ljava/lang/Object;+6
j  java.lang.reflect.Method.invoke(Ljava/lang/Object;[Ljava/lang/Object;)Ljava/lang/Object;+56
j  org.apache.maven.surefire.util.ReflectionUtils.invokeMethodWithArray(Ljava/lang/Object;Ljava/lang/reflect/Method;[Ljava/lang/Object;)Ljava/lang/Object;+3
j  org.apache.maven.surefire.booter.ProviderFactory$ProviderProxy.invoke(Ljava/lang/Object;)Lorg/apache/maven/surefire/suite/RunResult;+38
j  org.apache.maven.surefire.booter.ProviderFactory.invokeProvider(Ljava/lang/Object;Ljava/lang/ClassLoader;Ljava/lang/ClassLoader;Ljava/lang/Object;Lorg/apache/maven/surefire/booter/ProviderConfiguration;ZLorg/apache/maven/surefire/booter/StartupConfiguration;Z)Lorg/apache/maven/surefire/suite/RunResult;+38
j  org.apache.maven.surefire.booter.ForkedBooter.runSuitesInProcess(Ljava/lang/Object;Ljava/lang/ClassLoader;Lorg/apache/maven/surefire/booter/StartupConfiguration;Lorg/apache/maven/surefire/booter/ProviderConfiguration;Ljava/io/PrintStream;)Lorg/apache/maven/surefire/suite/RunResult;+45
j  org.apache.maven.surefire.booter.ForkedBooter.main([Ljava/lang/String;)V+136
v  ~StubRoutines::call_stub
V  [libjvm.so+0x646cca]
V  [libjvm.so+0x656f0a]
V  [libjvm.so+0x66a616]
C  [libjli.so+0x39a9]
C  [libpthread.so.0+0x7dc5]  start_thread+0xc5

Java frames: (J=compiled Java code, j=interpreted, Vv=VM code)
j  com.sun.org.apache.xerces.internal.impl.XMLEntityManager.<init>()V+164
j  com.sun.org.apache.xerces.internal.parsers.XML11Configuration.<init>(Lcom/sun/org/apache/xerces/internal/util/SymbolTable;Lcom/sun/org/apache/xerces/internal/xni/grammars/XMLGrammarPool;Lcom/sun/org/apache/xerces/internal/xni/parser/XMLComponentManager;)V+701
j  com.sun.org.apache.xerces.internal.parsers.XIncludeAwareParserConfiguration.<init>(Lcom/sun/org/apache/xerces/internal/util/SymbolTable;Lcom/sun/org/apache/xerces/internal/xni/grammars/XMLGrammarPool;Lcom/sun/org/apache/xerces/internal/xni/parser/XMLComponentManager;)V+4
j  com.sun.org.apache.xerces.internal.parsers.XIncludeAwareParserConfiguration.<init>()V+4
j  com.sun.org.apache.xerces.internal.parsers.DOMParser.<init>(Lcom/sun/org/apache/xerces/internal/util/SymbolTable;Lcom/sun/org/apache/xerces/internal/xni/grammars/XMLGrammarPool;)V+5
j  com.sun.org.apache.xerces.internal.parsers.DOMParser.<init>()V+3
j  com.sun.org.apache.xerces.internal.jaxp.DocumentBuilderImpl.<init>(Lcom/sun/org/apache/xerces/internal/jaxp/DocumentBuilderFactoryImpl;Ljava/util/Map;Ljava/util/Map;Z)V+9
j  com.sun.org.apache.xerces.internal.jaxp.DocumentBuilderImpl.<init>(Lcom/sun/org/apache/xerces/internal/jaxp/DocumentBuilderFactoryImpl;Ljava/util/Map;Ljava/util/Map;)V+5
j  com.sun.org.apache.xerces.internal.jaxp.DocumentBuilderFactoryImpl.setAttribute(Ljava/lang/String;Ljava/lang/Object;)V+66
j  org.springframework.beans.factory.xml.DefaultDocumentLoader.createDocumentBuilderFactory(IZ)Ljavax/xml/parsers/DocumentBuilderFactory;+33
j  org.springframework.beans.factory.xml.DefaultDocumentLoader.loadDocument(Lorg/xml/sax/InputSource;Lorg/xml/sax/EntityResolver;Lorg/xml/sax/ErrorHandler;IZ)Lorg/w3c/dom/Document;+5
j  org.springframework.beans.factory.xml.XmlBeanDefinitionReader.doLoadDocument(Lorg/xml/sax/InputSource;Lorg/springframework/core/io/Resource;)Lorg/w3c/dom/Document;+22
j  org.springframework.beans.factory.xml.XmlBeanDefinitionReader.doLoadBeanDefinitions(Lorg/xml/sax/InputSource;Lorg/springframework/core/io/Resource;)I+3
j  org.springframework.beans.factory.xml.XmlBeanDefinitionReader.loadBeanDefinitions(Lorg/springframework/core/io/support/EncodedResource;)I+166
j  org.springframework.beans.factory.xml.XmlBeanDefinitionReader.loadBeanDefinitions(Lorg/springframework/core/io/Resource;)I+9
j  org.springframework.beans.factory.support.AbstractBeanDefinitionReader.loadBeanDefinitions([Lorg/springframework/core/io/Resource;)I+34
j  org.springframework.beans.factory.support.AbstractBeanDefinitionReader.loadBeanDefinitions(Ljava/lang/String;Ljava/util/Set;)I+63
j  org.springframework.beans.factory.support.AbstractBeanDefinitionReader.loadBeanDefinitions(Ljava/lang/String;)I+3
j  org.springframework.beans.factory.support.AbstractBeanDefinitionReader.loadBeanDefinitions([Ljava/lang/String;)I+34
j  org.springframework.test.context.support.AbstractGenericContextLoader.loadBeanDefinitions(Lorg/springframework/context/support/GenericApplicationContext;Lorg/springframework/test/context/MergedContextConfiguration;)V+9
j  org.springframework.test.context.support.AbstractGenericContextLoader.loadContext(Lorg/springframework/test/context/MergedContextConfiguration;)Lorg/springframework/context/ConfigurableApplicationContext;+81
j  org.springframework.test.context.support.AbstractGenericContextLoader.loadContext(Lorg/springframework/test/context/MergedContextConfiguration;)Lorg/springframework/context/ApplicationContext;+2
j  org.springframework.test.context.support.AbstractDelegatingSmartContextLoader.delegateLoading(Lorg/springframework/test/context/SmartContextLoader;Lorg/springframework/test/context/MergedContextConfiguration;)Lorg/springframework/context/ApplicationContext;+41
j  org.springframework.test.context.support.AbstractDelegatingSmartContextLoader.loadContext(Lorg/springframework/test/context/MergedContextConfiguration;)Lorg/springframework/context/ApplicationContext;+123
j  org.springframework.test.context.cache.DefaultCacheAwareContextLoaderDelegate.loadContextInternal(Lorg/springframework/test/context/MergedContextConfiguration;)Lorg/springframework/context/ApplicationContext;+27
j  org.springframework.test.context.cache.DefaultCacheAwareContextLoaderDelegate.loadContext(Lorg/springframework/test/context/MergedContextConfiguration;)Lorg/springframework/context/ApplicationContext;+24
j  org.springframework.test.context.support.DefaultTestContext.getApplicationContext()Lorg/springframework/context/ApplicationContext;+8
j  org.springframework.test.context.support.DependencyInjectionTestExecutionListener.injectDependencies(Lorg/springframework/test/context/TestContext;)V+8
j  org.springframework.test.context.support.DependencyInjectionTestExecutionListener.prepareTestInstance(Lorg/springframework/test/context/TestContext;)V+45
j  org.springframework.test.context.TestContextManager.prepareTestInstance(Ljava/lang/Object;)V+95
j  org.springframework.test.context.junit4.SpringJUnit4ClassRunner.createTest()Ljava/lang/Object;+10
j  org.springframework.test.context.junit4.SpringJUnit4ClassRunner$1.runReflectiveCall()Ljava/lang/Object;+4
j  org.junit.internal.runners.model.ReflectiveCallable.run()Ljava/lang/Object;+1
j  org.springframework.test.context.junit4.SpringJUnit4ClassRunner.methodBlock(Lorg/junit/runners/model/FrameworkMethod;)Lorg/junit/runners/model/Statement;+8
j  org.springframework.test.context.junit4.SpringJUnit4ClassRunner.runChild(Lorg/junit/runners/model/FrameworkMethod;Lorg/junit/runner/notification/RunNotifier;)V+24
j  org.springframework.test.context.junit4.SpringJUnit4ClassRunner.runChild(Ljava/lang/Object;Lorg/junit/runner/notification/RunNotifier;)V+6
j  org.junit.runners.ParentRunner$3.run()V+12
j  org.junit.runners.ParentRunner$1.schedule(Ljava/lang/Runnable;)V+1
j  org.junit.runners.ParentRunner.runChildren(Lorg/junit/runner/notification/RunNotifier;)V+44
j  org.junit.runners.ParentRunner.access$000(Lorg/junit/runners/ParentRunner;Lorg/junit/runner/notification/RunNotifier;)V+2
j  org.junit.runners.ParentRunner$2.evaluate()V+8
j  org.springframework.test.context.junit4.statements.RunBeforeTestClassCallbacks.evaluate()V+11
j  org.springframework.test.context.junit4.statements.RunAfterTestClassCallbacks.evaluate()V+12
j  org.junit.runners.ParentRunner.run(Lorg/junit/runner/notification/RunNotifier;)V+20
j  org.springframework.test.context.junit4.SpringJUnit4ClassRunner.run(Lorg/junit/runner/notification/RunNotifier;)V+24
j  org.apache.maven.surefire.junit4.JUnit4Provider.execute(Ljava/lang/Class;Lorg/junit/runner/notification/RunNotifier;[Ljava/lang/String;)V+116
j  org.apache.maven.surefire.junit4.JUnit4Provider.executeTestSet(Ljava/lang/Class;Lorg/apache/maven/surefire/report/RunListener;Lorg/junit/runner/notification/RunNotifier;)V+70
j  org.apache.maven.surefire.junit4.JUnit4Provider.invoke(Ljava/lang/Object;)Lorg/apache/maven/surefire/suite/RunResult;+133
v  ~StubRoutines::call_stub
j  sun.reflect.NativeMethodAccessorImpl.invoke0(Ljava/lang/reflect/Method;Ljava/lang/Object;[Ljava/lang/Object;)Ljava/lang/Object;+0
j  sun.reflect.NativeMethodAccessorImpl.invoke(Ljava/lang/Object;[Ljava/lang/Object;)Ljava/lang/Object;+100
j  sun.reflect.DelegatingMethodAccessorImpl.invoke(Ljava/lang/Object;[Ljava/lang/Object;)Ljava/lang/Object;+6
j  java.lang.reflect.Method.invoke(Ljava/lang/Object;[Ljava/lang/Object;)Ljava/lang/Object;+56
j  org.apache.maven.surefire.util.ReflectionUtils.invokeMethodWithArray(Ljava/lang/Object;Ljava/lang/reflect/Method;[Ljava/lang/Object;)Ljava/lang/Object;+3
j  org.apache.maven.surefire.booter.ProviderFactory$ProviderProxy.invoke(Ljava/lang/Object;)Lorg/apache/maven/surefire/suite/RunResult;+38
j  org.apache.maven.surefire.booter.ProviderFactory.invokeProvider(Ljava/lang/Object;Ljava/lang/ClassLoader;Ljava/lang/ClassLoader;Ljava/lang/Object;Lorg/apache/maven/surefire/booter/ProviderConfiguration;ZLorg/apache/maven/surefire/booter/StartupConfiguration;Z)Lorg/apache/maven/surefire/suite/RunResult;+38
j  org.apache.maven.surefire.booter.ForkedBooter.runSuitesInProcess(Ljava/lang/Object;Ljava/lang/ClassLoader;Lorg/apache/maven/surefire/booter/StartupConfiguration;Lorg/apache/maven/surefire/booter/ProviderConfiguration;Ljava/io/PrintStream;)Lorg/apache/maven/surefire/suite/RunResult;+45
j  org.apache.maven.surefire.booter.ForkedBooter.main([Ljava/lang/String;)V+136
v  ~StubRoutines::call_stub

---------------  P R O C E S S  ---------------

Java Threads: ( => current thread )
  0x00007fb72c0f6000 JavaThread "Service Thread" daemon [_thread_blocked, id=22770, stack(0x00007fb7316ab000,0x00007fb7317ac000)]
  0x00007fb72c0e9000 JavaThread "C1 CompilerThread1" daemon [_thread_blocked, id=22769, stack(0x00007fb7317ac000,0x00007fb7318ad000)]
  0x00007fb72c0dc000 JavaThread "C2 CompilerThread0" daemon [_thread_blocked, id=22768, stack(0x00007fb7318ad000,0x00007fb7319ae000)]
  0x00007fb72c0da000 JavaThread "Signal Dispatcher" daemon [_thread_blocked, id=22767, stack(0x00007fb7319ae000,0x00007fb731aaf000)]
  0x00007fb72c0b0800 JavaThread "Finalizer" daemon [_thread_blocked, id=22766, stack(0x00007fb731aaf000,0x00007fb731bb0000)]
  0x00007fb72c0ac000 JavaThread "Reference Handler" daemon [_thread_blocked, id=22765, stack(0x00007fb731bb0000,0x00007fb731cb1000)]
=>0x00007fb72c009000 JavaThread "main" [_thread_in_vm, id=22763, stack(0x00007fb735b0c000,0x00007fb735c0d000)]

Other Threads:
  0x00007fb72c0a2000 VMThread [stack: 0x00007fb731cb1000,0x00007fb731db2000] [id=22764]
  0x00007fb72c0f8800 WatcherThread [stack: 0x00007fb7315aa000,0x00007fb7316ab000] [id=22771]

VM state:not at safepoint (normal execution)

VM Mutex/Monitor currently owned by a thread: None

Heap:
 def new generation   total 4928K, used 4368K [0x00000000f0600000, 0x00000000f0b50000, 0x00000000f5950000)
  eden space 4416K,  88% used [0x00000000f0600000, 0x00000000f09cc3a0, 0x00000000f0a50000)
  from space 512K,  93% used [0x00000000f0ad0000, 0x00000000f0b48048, 0x00000000f0b50000)
  to   space 512K,   0% used [0x00000000f0a50000, 0x00000000f0a50000, 0x00000000f0ad0000)
 tenured generation   total 10944K, used 2246K [0x00000000f5950000, 0x00000000f6400000, 0x0000000100000000)
   the space 10944K,  20% used [0x00000000f5950000, 0x00000000f5b81888, 0x00000000f5b81a00, 0x00000000f6400000)
 Metaspace       used 8577K, capacity 8662K, committed 8704K, reserved 1056768K
  class space    used 956K, capacity 983K, committed 1024K, reserved 1048576K

Card table byte_map: [0x00007fb735a86000,0x00007fb735b04000] byte_map_base: 0x00007fb735303000

Polling page: 0x00007fb735c16000

CodeCache: size=245760Kb used=2707Kb max_used=2707Kb free=243052Kb
 bounds [0x00007fb71d000000, 0x00007fb71d2b0000, 0x00007fb72c000000]
 total_blobs=912 nmethods=625 adapters=202
 compilation: enabled

Compilation events (10 events):
Event: 1.597 Thread 0x00007fb72c0e9000  620       1       java.lang.StackTraceElement::getClassName (5 bytes)
Event: 1.597 Thread 0x00007fb72c0e9000 nmethod 620 0x00007fb71d2a0bd0 code [0x00007fb71d2a0d20, 0x00007fb71d2a0e30]
Event: 1.597 Thread 0x00007fb72c0e9000  621       3       java.lang.String::toString (2 bytes)
Event: 1.597 Thread 0x00007fb72c0e9000 nmethod 621 0x00007fb71d2a08d0 code [0x00007fb71d2a0a20, 0x00007fb71d2a0b70]
Event: 1.597 Thread 0x00007fb72c0e9000  622       3       java.io.PrintWriter::ensureOpen (18 bytes)
Event: 1.597 Thread 0x00007fb72c0e9000 nmethod 622 0x00007fb71d2a0450 code [0x00007fb71d2a05c0, 0x00007fb71d2a0800]
Event: 1.603 Thread 0x00007fb72c0e9000  623 %     3       java.lang.String::indexOf @ 69 (166 bytes)
Event: 1.604 Thread 0x00007fb72c0e9000 nmethod 623% 0x00007fb71d29f650 code [0x00007fb71d29f820, 0x00007fb71d29ff30]
Event: 1.620 Thread 0x00007fb72c0e9000  625       3       java.util.HashMap::containsKey (18 bytes)
Event: 1.620 Thread 0x00007fb72c0e9000 nmethod 625 0x00007fb71d2a5410 code [0x00007fb71d2a55a0, 0x00007fb71d2a5990]

GC Heap History (10 events):
Event: 0.911 GC heap before
{Heap before GC invocations=2 (full 0):
 def new generation   total 4928K, used 4927K [0x00000000f0600000, 0x00000000f0b50000, 0x00000000f5950000)
  eden space 4416K, 100% used [0x00000000f0600000, 0x00000000f0a50000, 0x00000000f0a50000)
  from space 512K,  99% used [0x00000000f0a50000, 0x00000000f0acfff8, 0x00000000f0ad0000)
  to   space 512K,   0% used [0x00000000f0ad0000, 0x00000000f0ad0000, 0x00000000f0b50000)
 tenured generation   total 10944K, used 1088K [0x00000000f5950000, 0x00000000f6400000, 0x0000000100000000)
   the space 10944K,   9% used [0x00000000f5950000, 0x00000000f5a60058, 0x00000000f5a60200, 0x00000000f6400000)
 Metaspace       used 5100K, capacity 5478K, committed 5760K, reserved 1056768K
  class space    used 543K, capacity 567K, committed 640K, reserved 1048576K
Event: 0.913 GC heap after
Heap after GC invocations=3 (full 0):
 def new generation   total 4928K, used 494K [0x00000000f0600000, 0x00000000f0b50000, 0x00000000f5950000)
  eden space 4416K,   0% used [0x00000000f0600000, 0x00000000f0600000, 0x00000000f0a50000)
  from space 512K,  96% used [0x00000000f0ad0000, 0x00000000f0b4b9e0, 0x00000000f0b50000)
  to   space 512K,   0% used [0x00000000f0a50000, 0x00000000f0a50000, 0x00000000f0ad0000)
 tenured generation   total 10944K, used 1504K [0x00000000f5950000, 0x00000000f6400000, 0x0000000100000000)
   the space 10944K,  13% used [0x00000000f5950000, 0x00000000f5ac8188, 0x00000000f5ac8200, 0x00000000f6400000)
 Metaspace       used 5100K, capacity 5478K, committed 5760K, reserved 1056768K
  class space    used 543K, capacity 567K, committed 640K, reserved 1048576K
}
Event: 1.087 GC heap before
{Heap before GC invocations=3 (full 0):
 def new generation   total 4928K, used 4906K [0x00000000f0600000, 0x00000000f0b50000, 0x00000000f5950000)
  eden space 4416K,  99% used [0x00000000f0600000, 0x00000000f0a4f120, 0x00000000f0a50000)
  from space 512K,  96% used [0x00000000f0ad0000, 0x00000000f0b4b9e0, 0x00000000f0b50000)
  to   space 512K,   0% used [0x00000000f0a50000, 0x00000000f0a50000, 0x00000000f0ad0000)
 tenured generation   total 10944K, used 1504K [0x00000000f5950000, 0x00000000f6400000, 0x0000000100000000)
   the space 10944K,  13% used [0x00000000f5950000, 0x00000000f5ac8188, 0x00000000f5ac8200, 0x00000000f6400000)
 Metaspace       used 6233K, capacity 6390K, committed 6656K, reserved 1056768K
  class space    used 659K, capacity 695K, committed 768K, reserved 1048576K
Event: 1.089 GC heap after
Heap after GC invocations=4 (full 0):
 def new generation   total 4928K, used 419K [0x00000000f0600000, 0x00000000f0b50000, 0x00000000f5950000)
  eden space 4416K,   0% used [0x00000000f0600000, 0x00000000f0600000, 0x00000000f0a50000)
  from space 512K,  82% used [0x00000000f0a50000, 0x00000000f0ab8f88, 0x00000000f0ad0000)
  to   space 512K,   0% used [0x00000000f0ad0000, 0x00000000f0ad0000, 0x00000000f0b50000)
 tenured generation   total 10944K, used 1630K [0x00000000f5950000, 0x00000000f6400000, 0x0000000100000000)
   the space 10944K,  14% used [0x00000000f5950000, 0x00000000f5ae7b80, 0x00000000f5ae7c00, 0x00000000f6400000)
 Metaspace       used 6233K, capacity 6390K, committed 6656K, reserved 1056768K
  class space    used 659K, capacity 695K, committed 768K, reserved 1048576K
}
Event: 1.192 GC heap before
{Heap before GC invocations=4 (full 0):
 def new generation   total 4928K, used 4835K [0x00000000f0600000, 0x00000000f0b50000, 0x00000000f5950000)
  eden space 4416K, 100% used [0x00000000f0600000, 0x00000000f0a50000, 0x00000000f0a50000)
  from space 512K,  82% used [0x00000000f0a50000, 0x00000000f0ab8f88, 0x00000000f0ad0000)
  to   space 512K,   0% used [0x00000000f0ad0000, 0x00000000f0ad0000, 0x00000000f0b50000)
 tenured generation   total 10944K, used 1630K [0x00000000f5950000, 0x00000000f6400000, 0x0000000100000000)
   the space 10944K,  14% used [0x00000000f5950000, 0x00000000f5ae7b80, 0x00000000f5ae7c00, 0x00000000f6400000)
 Metaspace       used 6583K, capacity 6774K, committed 6912K, reserved 1056768K
  class space    used 705K, capacity 759K, committed 768K, reserved 1048576K
Event: 1.198 GC heap after
Heap after GC invocations=5 (full 0):
 def new generation   total 4928K, used 292K [0x00000000f0600000, 0x00000000f0b50000, 0x00000000f5950000)
  eden space 4416K,   0% used [0x00000000f0600000, 0x00000000f0600000, 0x00000000f0a50000)
  from space 512K,  57% used [0x00000000f0ad0000, 0x00000000f0b19280, 0x00000000f0b50000)
  to   space 512K,   0% used [0x00000000f0a50000, 0x00000000f0a50000, 0x00000000f0ad0000)
 tenured generation   total 10944K, used 2020K [0x00000000f5950000, 0x00000000f6400000, 0x0000000100000000)
   the space 10944K,  18% used [0x00000000f5950000, 0x00000000f5b492c0, 0x00000000f5b49400, 0x00000000f6400000)
 Metaspace       used 6583K, capacity 6774K, committed 6912K, reserved 1056768K
  class space    used 705K, capacity 759K, committed 768K, reserved 1048576K
}
Event: 1.366 GC heap before
{Heap before GC invocations=5 (full 0):
 def new generation   total 4928K, used 4708K [0x00000000f0600000, 0x00000000f0b50000, 0x00000000f5950000)
  eden space 4416K, 100% used [0x00000000f0600000, 0x00000000f0a50000, 0x00000000f0a50000)
  from space 512K,  57% used [0x00000000f0ad0000, 0x00000000f0b19280, 0x00000000f0b50000)
  to   space 512K,   0% used [0x00000000f0a50000, 0x00000000f0a50000, 0x00000000f0ad0000)
 tenured generation   total 10944K, used 2020K [0x00000000f5950000, 0x00000000f6400000, 0x0000000100000000)
   the space 10944K,  18% used [0x00000000f5950000, 0x00000000f5b492c0, 0x00000000f5b49400, 0x00000000f6400000)
 Metaspace       used 7185K, capacity 7318K, committed 7552K, reserved 1056768K
  class space    used 773K, capacity 791K, committed 896K, reserved 1048576K
Event: 1.378 GC heap after
Heap after GC invocations=6 (full 0):
 def new generation   total 4928K, used 512K [0x00000000f0600000, 0x00000000f0b50000, 0x00000000f5950000)
  eden space 4416K,   0% used [0x00000000f0600000, 0x00000000f0600000, 0x00000000f0a50000)
  from space 512K, 100% used [0x00000000f0a50000, 0x00000000f0ad0000, 0x00000000f0ad0000)
  to   space 512K,   0% used [0x00000000f0ad0000, 0x00000000f0ad0000, 0x00000000f0b50000)
 tenured generation   total 10944K, used 2122K [0x00000000f5950000, 0x00000000f6400000, 0x0000000100000000)
   the space 10944K,  19% used [0x00000000f5950000, 0x00000000f5b62a60, 0x00000000f5b62c00, 0x00000000f6400000)
 Metaspace       used 7185K, capacity 7318K, committed 7552K, reserved 1056768K
  class space    used 773K, capacity 791K, committed 896K, reserved 1048576K
}
Event: 1.486 GC heap before
{Heap before GC invocations=6 (full 0):
 def new generation   total 4928K, used 4928K [0x00000000f0600000, 0x00000000f0b50000, 0x00000000f5950000)
  eden space 4416K, 100% used [0x00000000f0600000, 0x00000000f0a50000, 0x00000000f0a50000)
  from space 512K, 100% used [0x00000000f0a50000, 0x00000000f0ad0000, 0x00000000f0ad0000)
  to   space 512K,   0% used [0x00000000f0ad0000, 0x00000000f0ad0000, 0x00000000f0b50000)
 tenured generation   total 10944K, used 2122K [0x00000000f5950000, 0x00000000f6400000, 0x0000000100000000)
   the space 10944K,  19% used [0x00000000f5950000, 0x00000000f5b62a60, 0x00000000f5b62c00, 0x00000000f6400000)
 Metaspace       used 7680K, capacity 7798K, committed 7808K, reserved 1056768K
  class space    used 844K, capacity 887K, committed 896K, reserved 1048576K
Event: 1.494 GC heap after
Heap after GC invocations=7 (full 0):
 def new generation   total 4928K, used 480K [0x00000000f0600000, 0x00000000f0b50000, 0x00000000f5950000)
  eden space 4416K,   0% used [0x00000000f0600000, 0x00000000f0600000, 0x00000000f0a50000)
  from space 512K,  93% used [0x00000000f0ad0000, 0x00000000f0b48048, 0x00000000f0b50000)
  to   space 512K,   0% used [0x00000000f0a50000, 0x00000000f0a50000, 0x00000000f0ad0000)
 tenured generation   total 10944K, used 2246K [0x00000000f5950000, 0x00000000f6400000, 0x0000000100000000)
   the space 10944K,  20% used [0x00000000f5950000, 0x00000000f5b81888, 0x00000000f5b81a00, 0x00000000f6400000)
 Metaspace       used 7680K, capacity 7798K, committed 7808K, reserved 1056768K
  class space    used 844K, capacity 887K, committed 896K, reserved 1048576K
}

Deoptimization events (6 events):
Event: 0.935 Thread 0x00007fb72c009000 Uncommon trap: reason=range_check action=make_not_entrant pc=0x00007fb71d19bf40 method=sun.reflect.generics.parser.SignatureParser.current()C @ 34
Event: 1.016 Thread 0x00007fb72c009000 Uncommon trap: reason=unstable_if action=reinterpret pc=0x00007fb71d1a944c method=java.lang.String.replace(CC)Ljava/lang/String; @ 26
Event: 1.072 Thread 0x00007fb72c009000 Uncommon trap: reason=unstable_if action=reinterpret pc=0x00007fb71d1ee7ec method=java.lang.AbstractStringBuilder.append(Ljava/lang/String;)Ljava/lang/AbstractStringBuilder; @ 1
Event: 1.188 Thread 0x00007fb72c009000 Uncommon trap: reason=unstable_if action=reinterpret pc=0x00007fb71d25fb28 method=java.util.HashMap.getNode(ILjava/lang/Object;)Ljava/util/HashMap$Node; @ 129
Event: 1.252 Thread 0x00007fb72c009000 Uncommon trap: reason=unstable_if action=reinterpret pc=0x00007fb71d2314a4 method=java.util.HashMap.getNode(ILjava/lang/Object;)Ljava/util/HashMap$Node; @ 129
Event: 1.602 Thread 0x00007fb72c009000 Uncommon trap: reason=unstable_if action=reinterpret pc=0x00007fb71d1f06ec method=java.lang.String.indexOf([CII[CIII)I @ 3

Internal exceptions (10 events):
Event: 1.027 Thread 0x00007fb72c009000 Exception <a 'java/lang/ClassNotFoundException': org/apache/log4j/AppenderSkeletonBeanInfo> (0x00000000f073a628) thrown at [/builddir/build/BUILD/java-1.8.0-openjdk-1.8.0.141-1.b16.32.amzn1.x86_64/openjdk/hotspot/src/share/vm/classfile/systemDictionary.cp
Event: 1.030 Thread 0x00007fb72c009000 Exception <a 'java/lang/ClassNotFoundException': org/apache/log4j/AppenderSkeletonCustomizer> (0x00000000f07561c0) thrown at [/builddir/build/BUILD/java-1.8.0-openjdk-1.8.0.141-1.b16.32.amzn1.x86_64/openjdk/hotspot/src/share/vm/classfile/systemDictionary.
Event: 1.032 Thread 0x00007fb72c009000 Exception <a 'java/lang/ClassNotFoundException': org/apache/log4j/WriterAppenderCustomizer> (0x00000000f0786370) thrown at [/builddir/build/BUILD/java-1.8.0-openjdk-1.8.0.141-1.b16.32.amzn1.x86_64/openjdk/hotspot/src/share/vm/classfile/systemDictionary.cp
Event: 1.033 Thread 0x00007fb72c009000 Exception <a 'java/lang/ClassNotFoundException': org/apache/log4j/ConsoleAppenderCustomizer> (0x00000000f07ad6f8) thrown at [/builddir/build/BUILD/java-1.8.0-openjdk-1.8.0.141-1.b16.32.amzn1.x86_64/openjdk/hotspot/src/share/vm/classfile/systemDictionary.c
Event: 1.044 Thread 0x00007fb72c009000 Exception <a 'java/lang/ClassNotFoundException': org/apache/log4j/RollingFileAppenderBeanInfo> (0x00000000f07f3108) thrown at [/builddir/build/BUILD/java-1.8.0-openjdk-1.8.0.141-1.b16.32.amzn1.x86_64/openjdk/hotspot/src/share/vm/classfile/systemDictionary
Event: 1.045 Thread 0x00007fb72c009000 Exception <a 'java/lang/ClassNotFoundException': org/apache/log4j/FileAppenderBeanInfo> (0x00000000f080c0d8) thrown at [/builddir/build/BUILD/java-1.8.0-openjdk-1.8.0.141-1.b16.32.amzn1.x86_64/openjdk/hotspot/src/share/vm/classfile/systemDictionary.cpp, l
Event: 1.046 Thread 0x00007fb72c009000 Exception <a 'java/lang/ClassNotFoundException': org/apache/log4j/FileAppenderCustomizer> (0x00000000f08257a8) thrown at [/builddir/build/BUILD/java-1.8.0-openjdk-1.8.0.141-1.b16.32.amzn1.x86_64/openjdk/hotspot/src/share/vm/classfile/systemDictionary.cpp,
Event: 1.054 Thread 0x00007fb72c009000 Exception <a 'java/lang/ClassNotFoundException': org/apache/log4j/RollingFileAppenderCustomizer> (0x00000000f084e9e0) thrown at [/builddir/build/BUILD/java-1.8.0-openjdk-1.8.0.141-1.b16.32.amzn1.x86_64/openjdk/hotspot/src/share/vm/classfile/systemDictiona
Event: 1.069 Thread 0x00007fb72c009000 Exception <a 'java/io/FileNotFoundException'> (0x00000000f085ae00) thrown at [/builddir/build/BUILD/java-1.8.0-openjdk-1.8.0.141-1.b16.32.amzn1.x86_64/openjdk/hotspot/src/share/vm/prims/jni.cpp, line 709]
Event: 1.071 Thread 0x00007fb72c009000 Implicit null exception at 0x00007fb71d1ee3f4 to 0x00007fb71d1ee7d5

Events (10 events):
Event: 1.631 loading class com/sun/org/apache/xerces/internal/utils/XMLSecurityManager$State done
Event: 1.631 loading class com/sun/org/apache/xerces/internal/utils/SecuritySupport
Event: 1.632 loading class com/sun/org/apache/xerces/internal/utils/SecuritySupport done
Event: 1.632 loading class com/sun/org/apache/xerces/internal/utils/SecuritySupport$4
Event: 1.632 loading class com/sun/org/apache/xerces/internal/utils/SecuritySupport$4 done
Event: 1.632 loading class com/sun/org/apache/xerces/internal/utils/SecuritySupport$8
Event: 1.632 loading class com/sun/org/apache/xerces/internal/utils/SecuritySupport$8 done
Event: 1.632 loading class com/sun/org/apache/xerces/internal/utils/XMLSecurityManager$NameMap
Event: 1.632 loading class com/sun/org/apache/xerces/internal/utils/XMLSecurityManager$NameMap done
Event: 1.632 loading class com/sun/xml/internal/stream/XMLEntityStorage


Dynamic libraries:
00400000-00401000 r-xp 00000000 ca:01 11816                              /usr/lib/jvm/java-1.8.0-openjdk-1.8.0.141-1.b16.32.amzn1.x86_64/jre/bin/java
00600000-00601000 rw-p 00000000 ca:01 11816                              /usr/lib/jvm/java-1.8.0-openjdk-1.8.0.141-1.b16.32.amzn1.x86_64/jre/bin/java
00f48000-00f69000 rw-p 00000000 00:00 0                                  [heap]
f0600000-f0b50000 rw-p 00000000 00:00 0 
f0b50000-f5950000 ---p 00000000 00:00 0 
f5950000-f6400000 rw-p 00000000 00:00 0 
f6400000-100000000 ---p 00000000 00:00 0 
100000000-100100000 rw-p 00000000 00:00 0 
100100000-140000000 ---p 00000000 00:00 0 
7fb6f4000000-7fb6f4021000 rw-p 00000000 00:00 0 
7fb6f4021000-7fb6f8000000 ---p 00000000 00:00 0 
7fb6fc000000-7fb6fc2b2000 rw-p 00000000 00:00 0 
7fb6fc2b2000-7fb700000000 ---p 00000000 00:00 0 
7fb700000000-7fb7002fe000 rw-p 00000000 00:00 0 
7fb7002fe000-7fb704000000 ---p 00000000 00:00 0 
7fb704000000-7fb704021000 rw-p 00000000 00:00 0 
7fb704021000-7fb708000000 ---p 00000000 00:00 0 
7fb709ad7000-7fb710000000 r--p 00000000 ca:01 3350                       /usr/lib/locale/locale-archive
7fb710000000-7fb710021000 rw-p 00000000 00:00 0 
7fb710021000-7fb714000000 ---p 00000000 00:00 0 
7fb714000000-7fb714021000 rw-p 00000000 00:00 0 
7fb714021000-7fb718000000 ---p 00000000 00:00 0 
7fb718000000-7fb718024000 rw-p 00000000 00:00 0 
7fb718024000-7fb71c000000 ---p 00000000 00:00 0 
7fb71d000000-7fb71d2b0000 rwxp 00000000 00:00 0 
7fb71d2b0000-7fb72c000000 ---p 00000000 00:00 0 
7fb72c000000-7fb72c813000 rw-p 00000000 00:00 0 
7fb72c813000-7fb730000000 ---p 00000000 00:00 0 
7fb731254000-7fb731257000 r--s 00007000 ca:01 397858                     /home/kalrav/.m2/repository/org/apache/maven/surefire/surefire-junit4/2.12.4/surefire-junit4-2.12.4.jar
7fb731257000-7fb731258000 r--s 0000c000 ca:01 397327                     /home/kalrav/.m2/repository/org/hamcrest/hamcrest-library/1.3/hamcrest-library-1.3.jar
7fb731258000-7fb73125a000 r--s 00003000 ca:01 397326                     /home/kalrav/.m2/repository/com/jayway/jsonpath/json-path-assert/2.2.0/json-path-assert-2.2.0.jar
7fb73125a000-7fb73125b000 r--s 0000a000 ca:01 397325                     /home/kalrav/.m2/repository/asm/asm/3.3.1/asm-3.3.1.jar
7fb73125b000-7fb73125d000 r--s 00010000 ca:01 397324                     /home/kalrav/.m2/repository/net/minidev/asm/1.0.2/asm-1.0.2.jar
7fb73125d000-7fb731260000 r--s 0001c000 ca:01 397318                     /home/kalrav/.m2/repository/net/minidev/json-smart/2.1.1/json-smart-2.1.1.jar
7fb731260000-7fb731264000 r--s 0001e000 ca:01 397317                     /home/kalrav/.m2/repository/com/jayway/jsonpath/json-path/2.0.0/json-path-2.0.0.jar
7fb731264000-7fb731266000 r--s 00009000 ca:01 397316                     /home/kalrav/.m2/repository/org/objenesis/objenesis/2.1/objenesis-2.1.jar
7fb731266000-7fb731282000 r--s 00103000 ca:01 397315                     /home/kalrav/.m2/repository/org/mockito/mockito-core/1.10.19/mockito-core-1.10.19.jar
7fb731282000-7fb731288000 r--s 00045000 ca:01 397314                     /home/kalrav/.m2/repository/org/hamcrest/hamcrest-all/1.3/hamcrest-all-1.3.jar
7fb731288000-7fb73128a000 r--s 00002000 ca:01 397308                     /home/kalrav/.m2/repository/org/apache/maven/plugin-tools/maven-plugin-annotations/3.3/maven-plugin-annotations-3.3.jar
7fb73128a000-7fb73128c000 r--s 00008000 ca:01 397307                     /home/kalrav/.m2/repository/org/apache/maven/maven-toolchain/2.2.1/maven-toolchain-2.2.1.jar
7fb73128c000-7fb73128e000 r--s 00002000 ca:01 397306                     /home/kalrav/.m2/repository/org/apache/maven/surefire/surefire-logger-api/2.20/surefire-logger-api-2.20.jar
7fb73128e000-7fb731293000 r--s 00028000 ca:01 397304                     /home/kalrav/.m2/repository/org/apache/maven/surefire/surefire-api/2.20/surefire-api-2.20.jar
7fb731293000-7fb731299000 r--s 00048000 ca:01 397303                     /home/kalrav/.m2/repository/org/apache/commons/commons-lang3/3.1/commons-lang3-3.1.jar
7fb731299000-7fb73129b000 r--s 00002000 ca:01 397299                     /home/kalrav/.m2/repository/org/sonatype/plexus/plexus-cipher/1.4/plexus-cipher-1.4.jar
7fb73129b000-7fb73129c000 r--s 00006000 ca:01 397297                     /home/kalrav/.m2/repository/org/sonatype/plexus/plexus-sec-dispatcher/1.3/plexus-sec-dispatcher-1.3.jar
7fb73129c000-7fb73129e000 r--s 00008000 ca:01 397296                     /home/kalrav/.m2/repository/classworlds/classworlds/1.1/classworlds-1.1.jar
7fb73129e000-7fb73129f000 r--s 00002000 ca:01 397295                     /home/kalrav/.m2/repository/org/apache/maven/maven-monitor/2.2.1/maven-monitor-2.2.1.jar
7fb73129f000-7fb7312a1000 r--s 00002000 ca:01 397293                     /home/kalrav/.m2/repository/org/apache/maven/maven-error-diagnostics/2.2.1/maven-error-diagnostics-2.2.1.jar
7fb7312a1000-7fb7312a3000 r--s 00005000 ca:01 397289                     /home/kalrav/.m2/repository/org/apache/maven/maven-repository-metadata/2.2.1/maven-repository-metadata-2.2.1.jar
7fb7312a3000-7fb7312a5000 r--s 0000b000 ca:01 397287                     /home/kalrav/.m2/repository/org/apache/maven/wagon/wagon-provider-api/1.0-beta-6/wagon-provider-api-1.0-beta-6.jar
7fb7312a5000-7fb7312a6000 r--s 00002000 ca:01 397286                     /home/kalrav/.m2/repository/org/apache/maven/doxia/doxia-logging-api/1.1/doxia-logging-api-1.1.jar
7fb7312a6000-7fb7312a7000 r--s 00002000 ca:01 397285                     /home/kalrav/.m2/repository/org/apache/maven/reporting/maven-reporting-api/2.2.1/maven-reporting-api-2.2.1.jar
7fb7312a7000-7fb7312a9000 r--s 00001000 ca:01 397283                     /home/kalrav/.m2/repository/org/slf4j/slf4j-jdk14/1.5.6/slf4j-jdk14-1.5.6.jar
7fb7312a9000-7fb7312aa000 r--s 00001000 ca:01 397279                     /home/kalrav/.m2/repository/org/slf4j/slf4j-nop/1.5.3/slf4j-nop-1.5.3.jar
7fb7312aa000-7fb7312af000 r--s 0002d000 ca:01 397277                     /home/kalrav/.m2/repository/org/apache/jackrabbit/jackrabbit-jcr-commons/1.5.0/jackrabbit-jcr-commons-1.5.0.jar
7fb7312af000-7fb7312b5000 r--s 00044000 ca:01 397276                     /home/kalrav/.m2/repository/org/apache/jackrabbit/jackrabbit-webdav/1.5.0/jackrabbit-webdav-1.5.0.jar
7fb7312b5000-7fb7312b7000 r--s 00003000 ca:01 397275                     /home/kalrav/.m2/repository/org/apache/maven/wagon/wagon-webdav-jackrabbit/1.0-beta-6/wagon-webdav-jackrabbit-1.0-beta-6.jar
7fb7312b7000-7fb7312ba000 r--s 00019000 ca:01 397273                     /home/kalrav/.m2/repository/nekohtml/nekohtml/1.9.6.2/nekohtml-1.9.6.2.jar
7fb7312ba000-7fb7312bc000 r--s 00008000 ca:01 397269                     /home/kalrav/.m2/repository/nekohtml/xercesMinimal/1.9.6.2/xercesMinimal-1.9.6.2.jar
7fb7312bc000-7fb7312be000 r--s 00005000 ca:01 397267                     /home/kalrav/.m2/repository/org/apache/maven/wagon/wagon-http-shared/1.0-beta-6/wagon-http-shared-1.0-beta-6.jar
7fb7312be000-7fb7312bf000 r--s 00002000 ca:01 397266                     /home/kalrav/.m2/repository/org/apache/maven/wagon/wagon-http/1.0-beta-6/wagon-http-1.0-beta-6.jar
7fb7312bf000-7fb7312c1000 r--s 00004000 ca:01 397265                     /home/kalrav/.m2/repository/org/apache/maven/maven-plugin-parameter-documenter/2.2.1/maven-plugin-parameter-documenter-2.2.1.jar
7fb7312c1000-7fb7312c5000 r--s 00028000 ca:01 397261                     /home/kalrav/.m2/repository/org/apache/maven/maven-core/2.2.1/maven-core-2.2.1.jar
7fb7312c5000-7fb7312c7000 r--s 00014000 ca:01 397259                     /home/kalrav/.m2/repository/org/apache/maven/maven-model/2.2.1/maven-model-2.2.1.jar
7fb7312c7000-7fb7312c9000 r--s 0000b000 ca:01 397258                     /home/kalrav/.m2/repository/org/codehaus/plexus/plexus-interpolation/1.11/plexus-interpolation-1.11.jar
7fb7312c9000-7fb7312cb000 r--s 00006000 ca:01 397256                     /home/kalrav/.m2/repository/org/apache/maven/maven-plugin-registry/2.2.1/maven-plugin-registry-2.2.1.jar
7fb7312cb000-7fb7312d3000 r--s 00049000 ca:01 397255                     /home/kalrav/.m2/repository/backport-util-concurrent/backport-util-concurrent/3.1/backport-util-concurrent-3.1.jar
7fb7312d3000-7fb7312d5000 r--s 0000f000 ca:01 397251                     /home/kalrav/.m2/repository/org/apache/maven/maven-artifact-manager/2.2.1/maven-artifact-manager-2.2.1.jar
7fb7312d5000-7fb7312d7000 r--s 00007000 ca:01 397249                     /home/kalrav/.m2/repository/org/apache/maven/maven-profile/2.2.1/maven-profile-2.2.1.jar
7fb7312d7000-7fb7312d8000 r--s 0000b000 ca:01 397248                     /home/kalrav/.m2/repository/org/apache/maven/maven-settings/2.2.1/maven-settings-2.2.1.jar
7fb7312d8000-7fb7312dc000 r--s 00023000 ca:01 397247                     /home/kalrav/.m2/repository/org/apache/maven/maven-project/2.2.1/maven-project-2.2.1.jar
7fb7312dc000-7fb7312e3000 r--s 00029000 ca:01 397245                     /home/kalrav/.m2/repository/org/codehaus/plexus/plexus-container-default/1.0-alpha-9-stable-1/plexus-container-default-1.0-alpha-9-stable-1.jar
7fb7312e3000-7fb7312e5000 r--s 00008000 ca:01 397240                     /home/kalrav/.m2/repository/org/apache/maven/maven-plugin-descriptor/2.2.1/maven-plugin-descriptor-2.2.1.jar
7fb7312e5000-7fb7312e9000 r--s 00034000 ca:01 397239                     /home/kalrav/.m2/repository/org/codehaus/plexus/plexus-utils/1.5.15/plexus-utils-1.5.15.jar
7fb7312e9000-7fb7312ec000 r--s 00011000 ca:01 397238                     /home/kalrav/.m2/repository/org/apache/maven/maven-artifact/2.2.1/maven-artifact-2.2.1.jar
7fb7312ec000-7fb7312ee000 r--s 0000b000 ca:01 397237                     /home/kalrav/.m2/repository/org/apache/maven/surefire/surefire-booter/2.20/surefire-booter-2.20.jar
7fb7312ee000-7fb7312f4000 r--s 0004b000 ca:01 397236                     /home/kalrav/.m2/repository/org/apache/maven/surefire/maven-surefire-common/2.20/maven-surefire-common-2.20.jar
7fb7312f4000-7fb7312f6000 r--s 00002000 ca:01 397230                     /home/kalrav/.m2/repository/org/apache/maven/maven-plugin-api/2.2.1/maven-plugin-api-2.2.1.jar
7fb7312f6000-7fb7312f7000 r--s 0000c000 ca:01 397229                     /home/kalrav/.m2/repository/org/apache/maven/plugins/maven-surefire-plugin/2.20/maven-surefire-plugin-2.20.jar
7fb7312f7000-7fb7312fe000 r--s 0007e000 ca:01 397211                     /home/kalrav/.m2/repository/jboss/javassist/3.7.ga/javassist-3.7.ga.jar
7fb7312fe000-7fb731300000 r--s 0000d000 ca:01 397210                     /home/kalrav/.m2/repository/org/jboss/logging/jboss-logging/3.1.1.GA/jboss-logging-3.1.1.GA.jar
7fb731300000-7fb731302000 r--s 0000a000 ca:01 397208                     /home/kalrav/.m2/repository/org/jboss/resteasy/jaxrs-api/2.2.1.GA/jaxrs-api-2.2.1.GA.jar
7fb731302000-7fb731303000 r--s 00000000 ca:01 397207                     /home/kalrav/.m2/repository/net/jcip/jcip-annotations/1.0/jcip-annotations-1.0.jar
7fb731303000-7fb731308000 r--s 00026000 ca:01 397204                     /home/kalrav/.m2/repository/org/apache/httpcomponents/httpcore/4.0.1/httpcore-4.0.1.jar
7fb731308000-7fb73130f000 r--s 00041000 ca:01 397201                     /home/kalrav/.m2/repository/org/apache/httpcomponents/httpclient/4.0.3/httpclient-4.0.3.jar
7fb73130f000-7fb731315000 r--s 00045000 ca:01 397200                     /home/kalrav/.m2/repository/commons-httpclient/commons-httpclient/3.1/commons-httpclient-3.1.jar
7fb731315000-7fb731317000 r--s 0000e000 ca:01 397198                     /home/kalrav/.m2/repository/javax/activation/activation/1.1/activation-1.1.jar
7fb731317000-7fb731318000 r--s 00001000 ca:01 397195                     /home/kalrav/.m2/repository/javax/annotation/jsr250-api/1.0/jsr250-api-1.0.jar
7fb731318000-7fb731321000 r--s 00095000 ca:01 397193                     /home/kalrav/.m2/repository/javassist/javassist/3.12.1.GA/javassist-3.12.1.GA.jar
7fb731321000-7fb731322000 r--s 00004000 ca:01 397192                     /home/kalrav/.m2/repository/org/scannotation/scannotation/1.0.3/scannotation-1.0.3.jar
7fb731322000-7fb73132e000 r--s 00081000 ca:01 397190                     /home/kalrav/.m2/repository/org/jboss/resteasy/resteasy-jaxrs/2.2.1.GA/resteasy-jaxrs-2.2.1.GA.jar
7fb73132e000-7fb731330000 r--s 0000f000 ca:01 397189                     /home/kalrav/.m2/repository/commons-fileupload/commons-fileupload/1.3.1/commons-fileupload-1.3.1.jar
7fb731330000-7fb731339000 r--s 00054000 ca:01 397185                     /home/kalrav/.m2/repository/org/springframework/spring-aop/4.3.7.RELEASE/spring-aop-4.3.7.RELEASE.jar
7fb731339000-7fb73133d000 r--s 0002a000 ca:01 397183                     /home/kalrav/.m2/repository/commons-io/commons-io/2.4/commons-io-2.4.jar
7fb73133d000-7fb731345000 r--s 00045000 ca:01 397171                     /home/kalrav/.m2/repository/junit/junit/4.12/junit-4.12.jar
7fb731345000-7fb731354000 r--s 00084000 ca:01 397170                     /home/kalrav/.m2/repository/org/springframework/spring-test/4.3.7.RELEASE/spring-test-4.3.7.RELEASE.jar
7fb731354000-7fb73136b000 r--s 001d2000 ca:01 397168                     /home/kalrav/.m2/repository/mysql/mysql-connector-java/6.0.6/mysql-connector-java-6.0.6.jar
7fb73136b000-7fb731376000 r--s 0008b000 ca:01 397164                     /home/kalrav/.m2/repository/c3p0/c3p0/0.9.1.2/c3p0-0.9.1.2.jar
7fb731376000-7fb731377000 r--s 00005000 ca:01 397162                     /home/kalrav/.m2/repository/com/googlecode/json-simple/json-simple/1.1.1/json-simple-1.1.1.jar
7fb731377000-7fb73137c000 r--s 00034000 ca:01 397160                     /home/kalrav/.m2/repository/com/google/code/gson/gson/2.8.0/gson-2.8.0.jar
7fb73137c000-7fb731380000 r--s 00035000 ca:01 397158                     /home/kalrav/.m2/repository/org/codehaus/jackson/jackson-core-asl/1.9.13/jackson-core-asl-1.9.13.jar
7fb731380000-7fb73138e000 r--s 000b1000 ca:01 397154                     /home/kalrav/.m2/repository/org/codehaus/jackson/jackson-mapper-asl/1.9.13/jackson-mapper-asl-1.9.13.jar
7fb73138e000-7fb731391000 r--s 0000a000 ca:01 397153                     /home/kalrav/.m2/repository/com/fasterxml/jackson/core/jackson-annotations/2.7.0/jackson-annotations-2.7.0.jar
7fb731391000-7fb7313a3000 r--s 00115000 ca:01 397152                     /home/kalrav/.m2/repository/com/fasterxml/jackson/core/jackson-databind/2.7.5/jackson-databind-2.7.5.jar
7fb7313a3000-7fb7313a6000 r--s 0003b000 ca:01 397151                     /home/kalrav/.m2/repository/com/fasterxml/jackson/core/jackson-core/2.7.5/jackson-core-2.7.5.jar
7fb7313a6000-7fb7313aa000 r--s 0001c000 ca:01 397182                     /home/kalrav/.m2/repository/org/springframework/spring-dao/2.0.8/spring-dao-2.0.8.jar
7fb7313aa000-7fb7313b5000 r--s 0008b000 ca:01 397179                     /home/kalrav/.m2/repository/org/mongodb/mongo-java-driver/2.14.3/mongo-java-driver-2.14.3.jar
7fb7313b5000-7fb7313c6000 r--s 00099000 ca:01 397174                     /home/kalrav/.m2/repository/org/springframework/data/spring-data-commons/1.12.5.RELEASE/spring-data-commons-1.12.5.RELEASE.jar
7fb7313c6000-7fb7313d6000 r--s 0009d000 ca:01 397173                     /home/kalrav/.m2/repository/org/springframework/data/spring-data-mongodb/1.9.5.RELEASE/spring-data-mongodb-1.9.5.RELEASE.jar
7fb7313d6000-7fb7313db000 r--s 00016000 ca:01 397228                     /home/kalrav/.m2/repository/xml-apis/xml-apis/1.0.b2/xml-apis-1.0.b2.jar
7fb7313db000-7fb7313e0000 r--s 00048000 ca:01 397225                     /home/kalrav/.m2/repository/dom4j/dom4j/1.6.1/dom4j-1.6.1.jar
7fb7313e0000-7fb7313e2000 r--s 00005000 ca:01 397222                     /home/kalrav/.m2/repository/stax/stax-api/1.0.1/stax-api-1.0.1.jar
7fb7313e2000-7fb73141f000 r--s 0024f000 ca:01 397220                     /home/kalrav/.m2/repository/org/apache/xmlbeans/xmlbeans/2.3.0/xmlbeans-2.3.0.jar
7fb73141f000-7fb7314b3000 r--s 00401000 ca:01 397219                     /home/kalrav/.m2/repository/org/apache/poi/poi-ooxml-schemas/3.9/poi-ooxml-schemas-3.9.jar
7fb7314b3000-7fb7314bf000 r--s 000d9000 ca:01 397218                     /home/kalrav/.m2/repository/org/apache/poi/poi-ooxml/3.9/poi-ooxml-3.9.jar
7fb7314bf000-7fb7314c1000 r--s 00010000 ca:01 397217                     /home/kalrav/.m2/repository/commons-codec/commons-codec/1.5/commons-codec-1.5.jar
7fb7314c1000-7fb7314e3000 r--s 001bb000 ca:01 397214                     /home/kalrav/.m2/repository/org/apache/poi/poi/3.10-FINAL/poi-3.10-FINAL.jar
7fb7314e3000-7fb7314ed000 r--s 0005f000 ca:01 397165                     /home/kalrav/.m2/repository/org/springframework/spring-jdbc/4.3.7.RELEASE/spring-jdbc-4.3.7.RELEASE.jar
7fb7314ed000-7fb7314f8000 r--s 00053000 ca:01 397150                     /home/kalrav/.m2/repository/org/springframework/security/spring-security-web/4.2.2.RELEASE/spring-security-web-4.2.2.RELEASE.jar
7fb7314f8000-7fb7314fb000 r--s 00012000 ca:01 397144                     /home/kalrav/.m2/repository/org/springframework/security/spring-security-acl/4.2.2.RELEASE/spring-security-acl-4.2.2.RELEASE.jar
7fb7314fb000-7fb7314fc000 r--s 00004000 ca:01 397143                     /home/kalrav/.m2/repository/org/springframework/security/spring-security-taglibs/4.2.2.RELEASE/spring-security-taglibs-4.2.2.RELEASE.jar
7fb7314fc000-7fb731506000 r--s 00086000 ca:01 397142                     /home/kalrav/.m2/repository/org/springframework/security/spring-security-config/4.2.2.RELEASE/spring-security-config-4.2.2.RELEASE.jar
7fb731506000-7fb731508000 r--s 00000000 ca:01 397141                     /home/kalrav/.m2/repository/aopalliance/aopalliance/1.0/aopalliance-1.0.jar
7fb731508000-7fb731514000 r--s 00055000 ca:01 397140                     /home/kalrav/.m2/repository/org/springframework/security/spring-security-core/4.2.2.RELEASE/spring-security-core-4.2.2.RELEASE.jar
7fb731514000-7fb731515000 r--s 00005000 ca:01 397134                     /home/kalrav/.m2/repository/org/slf4j/slf4j-api/1.5.8/slf4j-api-1.5.8.jar
7fb731515000-7fb731516000 r--s 00002000 ca:01 397133                     /home/kalrav/.m2/repository/org/slf4j/slf4j-log4j12/1.5.8/slf4j-log4j12-1.5.8.jar
7fb731516000-7fb73151d000 r--s 00051000 ca:01 397132                     /home/kalrav/.m2/repository/log4j/log4j/1.2.12/log4j-1.2.12.jar
7fb73151d000-7fb73151f000 r--s 00003000 ca:01 397131                     /home/kalrav/.m2/repository/org/apache/tiles/tiles-request-jsp/1.0.3/tiles-request-jsp-1.0.3.jar
7fb73151f000-7fb731521000 r--s 00007000 ca:01 397130                     /home/kalrav/.m2/repository/org/apache/tiles/tiles-jsp/3.0.3/tiles-jsp-3.0.3.jar
7fb731521000-7fb731522000 r--s 00004000 ca:01 397124                     /home/kalrav/.m2/repository/org/apache/tiles/tiles-request-servlet/1.0.3/tiles-request-servlet-1.0.3.jar
7fb731522000-7fb731524000 r--s 00005000 ca:01 397123                     /home/kalrav/.m2/repository/org/apache/tiles/tiles-servlet/3.0.3/tiles-servlet-3.0.3.jar
7fb731524000-7fb731526000 r--s 00003000 ca:01 397122                     /home/kalrav/.m2/repository/org/slf4j/jcl-over-slf4j/1.5.8/jcl-over-slf4j-1.5.8.jar
7fb731526000-7fb73152b000 r--s 00034000 ca:01 397121                     /home/kalrav/.m2/repository/commons-beanutils/commons-beanutils/1.8.0/commons-beanutils-1.8.0.jar
7fb73152b000-7fb73152f000 r--s 00021000 ca:01 397120                     /home/kalrav/.m2/repository/commons-digester/commons-digester/2.0/commons-digester-2.0.jar
7fb73152f000-7fb731532000 r--s 00011000 ca:01 397114                     /home/kalrav/.m2/repository/org/apache/tiles/tiles-core/3.0.3/tiles-core-3.0.3.jar
7fb731532000-7fb731533000 r--s 00002000 ca:01 397113                     /home/kalrav/.m2/repository/org/apache/tiles/tiles-autotag-core-runtime/1.1.0/tiles-autotag-core-runtime-1.1.0.jar
7fb731533000-7fb731536000 r--s 0000f000 ca:01 397112                     /home/kalrav/.m2/repository/org/apache/tiles/tiles-request-api/1.0.3/tiles-request-api-1.0.3.jar
7fb731536000-7fb731538000 r--s 00006000 ca:01 397111                     /home/kalrav/.m2/repository/org/apache/tiles/tiles-api/3.0.3/tiles-api-3.0.3.jar
7fb731538000-7fb731539000 r--s 00007000 ca:01 397106                     /home/kalrav/.m2/repository/org/apache/tiles/tiles-template/3.0.3/tiles-template-3.0.3.jar
7fb731539000-7fb73153a000 r--s 00027000 ca:01 397105                     /home/kalrav/.m2/repository/org/webjars/jquery/2.2.3/jquery-2.2.3.jar
7fb73153a000-7fb731541000 r--s 0009b000 ca:01 397104                     /home/kalrav/.m2/repository/org/webjars/bootstrap/3.3.6/bootstrap-3.3.6.jar
7fb731541000-7fb73154b000 r--s 0005c000 ca:01 397103                     /home/kalrav/.m2/repository/javax/servlet/jstl/1.2/jstl-1.2.jar
7fb73154b000-7fb73154d000 r--s 0000b000 ca:01 397098                     /home/kalrav/.m2/repository/javax/servlet/jsp/javax.servlet.jsp-api/2.3.1/javax.servlet.jsp-api-2.3.1.jar
7fb73154d000-7fb731552000 r--s 0003c000 ca:01 397095                     /home/kalrav/.m2/repository/org/springframework/spring-expression/4.3.7.RELEASE/spring-expression-4.3.7.RELEASE.jar
7fb731552000-7fb731563000 r--s 000cf000 ca:01 397092                     /home/kalrav/.m2/repository/org/springframework/spring-webmvc/4.3.7.RELEASE/spring-webmvc-4.3.7.RELEASE.jar
7fb731563000-7fb73156b000 r--s 0003a000 ca:01 397180                     /home/kalrav/.m2/repository/org/springframework/spring-tx/4.3.7.RELEASE/spring-tx-4.3.7.RELEASE.jar
7fb73156b000-7fb731585000 r--s 000fd000 ca:01 397090                     /home/kalrav/.m2/repository/org/springframework/spring-context/4.3.7.RELEASE/spring-context-4.3.7.RELEASE.jar
7fb731585000-7fb731593000 r--s 000ad000 ca:01 397088                     /home/kalrav/.m2/repository/org/springframework/spring-beans/4.3.7.RELEASE/spring-beans-4.3.7.RELEASE.jar
7fb731593000-7fb7315aa000 r--s 000fb000 ca:01 397082                     /home/kalrav/.m2/repository/org/springframework/spring-core/4.3.7.RELEASE/spring-core-4.3.7.RELEASE.jar
7fb7315aa000-7fb7315ab000 ---p 00000000 00:00 0 
7fb7315ab000-7fb7316ab000 rw-p 00000000 00:00 0 
7fb7316ab000-7fb7316ae000 ---p 00000000 00:00 0 
7fb7316ae000-7fb7317ac000 rw-p 00000000 00:00 0 
7fb7317ac000-7fb7317af000 ---p 00000000 00:00 0 
7fb7317af000-7fb7318ad000 rw-p 00000000 00:00 0 
7fb7318ad000-7fb7318b0000 ---p 00000000 00:00 0 
7fb7318b0000-7fb7319ae000 rw-p 00000000 00:00 0 
7fb7319ae000-7fb7319b1000 ---p 00000000 00:00 0 
7fb7319b1000-7fb731aaf000 rw-p 00000000 00:00 0 
7fb731aaf000-7fb731ab2000 ---p 00000000 00:00 0 
7fb731ab2000-7fb731bb0000 rw-p 00000000 00:00 0 
7fb731bb0000-7fb731bb3000 ---p 00000000 00:00 0 
7fb731bb3000-7fb731cb1000 rw-p 00000000 00:00 0 
7fb731cb1000-7fb731cb2000 ---p 00000000 00:00 0 
7fb731cb2000-7fb731e00000 rw-p 00000000 00:00 0 
7fb731e00000-7fb731fcf000 r--s 043f2000 ca:01 11917                      /usr/lib/jvm/java-1.8.0-openjdk-1.8.0.141-1.b16.32.amzn1.x86_64/jre/lib/rt.jar
7fb731fcf000-7fb732820000 rw-p 00000000 00:00 0 
7fb732860000-7fb7328a0000 ---p 00000000 00:00 0 
7fb7328a0000-7fb7328ab000 rw-p 00000000 00:00 0 
7fb7328ab000-7fb732c60000 ---p 00000000 00:00 0 
7fb732c60000-7fb732c68000 r-xp 00000000 ca:01 11861                      /usr/lib/jvm/java-1.8.0-openjdk-1.8.0.141-1.b16.32.amzn1.x86_64/jre/lib/amd64/libzip.so
7fb732c68000-7fb732e68000 ---p 00008000 ca:01 11861                      /usr/lib/jvm/java-1.8.0-openjdk-1.8.0.141-1.b16.32.amzn1.x86_64/jre/lib/amd64/libzip.so
7fb732e68000-7fb732e69000 rw-p 00008000 ca:01 11861                      /usr/lib/jvm/java-1.8.0-openjdk-1.8.0.141-1.b16.32.amzn1.x86_64/jre/lib/amd64/libzip.so
7fb732e69000-7fb732e75000 r-xp 00000000 ca:01 3326                       /lib64/libnss_files-2.17.so
7fb732e75000-7fb733074000 ---p 0000c000 ca:01 3326                       /lib64/libnss_files-2.17.so
7fb733074000-7fb733075000 r--p 0000b000 ca:01 3326                       /lib64/libnss_files-2.17.so
7fb733075000-7fb733076000 rw-p 0000c000 ca:01 3326                       /lib64/libnss_files-2.17.so
7fb733076000-7fb73307c000 rw-p 00000000 00:00 0 
7fb73307c000-7fb7330a9000 r-xp 00000000 ca:01 11843                      /usr/lib/jvm/java-1.8.0-openjdk-1.8.0.141-1.b16.32.amzn1.x86_64/jre/lib/amd64/libjava.so
7fb7330a9000-7fb7332a9000 ---p 0002d000 ca:01 11843                      /usr/lib/jvm/java-1.8.0-openjdk-1.8.0.141-1.b16.32.amzn1.x86_64/jre/lib/amd64/libjava.so
7fb7332a9000-7fb7332ab000 rw-p 0002d000 ca:01 11843                      /usr/lib/jvm/java-1.8.0-openjdk-1.8.0.141-1.b16.32.amzn1.x86_64/jre/lib/amd64/libjava.so
7fb7332ab000-7fb7332b8000 r-xp 00000000 ca:01 11860                      /usr/lib/jvm/java-1.8.0-openjdk-1.8.0.141-1.b16.32.amzn1.x86_64/jre/lib/amd64/libverify.so
7fb7332b8000-7fb7334b7000 ---p 0000d000 ca:01 11860                      /usr/lib/jvm/java-1.8.0-openjdk-1.8.0.141-1.b16.32.amzn1.x86_64/jre/lib/amd64/libverify.so
7fb7334b7000-7fb7334b9000 rw-p 0000c000 ca:01 11860                      /usr/lib/jvm/java-1.8.0-openjdk-1.8.0.141-1.b16.32.amzn1.x86_64/jre/lib/amd64/libverify.so
7fb7334b9000-7fb7334c0000 r-xp 00000000 ca:01 3338                       /lib64/librt-2.17.so
7fb7334c0000-7fb7336bf000 ---p 00007000 ca:01 3338                       /lib64/librt-2.17.so
7fb7336bf000-7fb7336c0000 r--p 00006000 ca:01 3338                       /lib64/librt-2.17.so
7fb7336c0000-7fb7336c1000 rw-p 00007000 ca:01 3338                       /lib64/librt-2.17.so
7fb7336c1000-7fb7336d6000 r-xp 00000000 ca:01 3300                       /lib64/libgcc_s-4.8.3-20140911.so.1
7fb7336d6000-7fb7338d6000 ---p 00015000 ca:01 3300                       /lib64/libgcc_s-4.8.3-20140911.so.1
7fb7338d6000-7fb7338d7000 rw-p 00015000 ca:01 3300                       /lib64/libgcc_s-4.8.3-20140911.so.1
7fb7338d7000-7fb7339d8000 r-xp 00000000 ca:01 3316                       /lib64/libm-2.17.so
7fb7339d8000-7fb733bd7000 ---p 00101000 ca:01 3316                       /lib64/libm-2.17.so
7fb733bd7000-7fb733bd8000 r--p 00100000 ca:01 3316                       /lib64/libm-2.17.so
7fb733bd8000-7fb733bd9000 rw-p 00101000 ca:01 3316                       /lib64/libm-2.17.so
7fb733bd9000-7fb733cbf000 r-xp 00000000 ca:01 3474                       /usr/lib64/libstdc++.so.6.0.19
7fb733cbf000-7fb733ebe000 ---p 000e6000 ca:01 3474                       /usr/lib64/libstdc++.so.6.0.19
7fb733ebe000-7fb733ec7000 r--p 000e5000 ca:01 3474                       /usr/lib64/libstdc++.so.6.0.19
7fb733ec7000-7fb733ec9000 rw-p 000ee000 ca:01 3474                       /usr/lib64/libstdc++.so.6.0.19
7fb733ec9000-7fb733ede000 rw-p 00000000 00:00 0 
7fb733ede000-7fb734af8000 r-xp 00000000 ca:01 11865                      /usr/lib/jvm/java-1.8.0-openjdk-1.8.0.141-1.b16.32.amzn1.x86_64/jre/lib/amd64/server/libjvm.so
7fb734af8000-7fb734cf8000 ---p 00c1a000 ca:01 11865                      /usr/lib/jvm/java-1.8.0-openjdk-1.8.0.141-1.b16.32.amzn1.x86_64/jre/lib/amd64/server/libjvm.so
7fb734cf8000-7fb734dbf000 rw-p 00c1a000 ca:01 11865                      /usr/lib/jvm/java-1.8.0-openjdk-1.8.0.141-1.b16.32.amzn1.x86_64/jre/lib/amd64/server/libjvm.so
7fb734dbf000-7fb734df2000 rw-p 00000000 00:00 0 
7fb734df2000-7fb734faa000 r-xp 00000000 ca:01 3308                       /lib64/libc-2.17.so
7fb734faa000-7fb7351a9000 ---p 001b8000 ca:01 3308                       /lib64/libc-2.17.so
7fb7351a9000-7fb7351ad000 r--p 001b7000 ca:01 3308                       /lib64/libc-2.17.so
7fb7351ad000-7fb7351af000 rw-p 001bb000 ca:01 3308                       /lib64/libc-2.17.so
7fb7351af000-7fb7351b4000 rw-p 00000000 00:00 0 
7fb7351b4000-7fb7351b6000 r-xp 00000000 ca:01 3314                       /lib64/libdl-2.17.so
7fb7351b6000-7fb7353b6000 ---p 00002000 ca:01 3314                       /lib64/libdl-2.17.so
7fb7353b6000-7fb7353b7000 r--p 00002000 ca:01 3314                       /lib64/libdl-2.17.so
7fb7353b7000-7fb7353b8000 rw-p 00003000 ca:01 3314                       /lib64/libdl-2.17.so
7fb7353b8000-7fb7353c6000 r-xp 00000000 ca:01 11830                      /usr/lib/jvm/java-1.8.0-openjdk-1.8.0.141-1.b16.32.amzn1.x86_64/jre/lib/amd64/jli/libjli.so
7fb7353c6000-7fb7355c5000 ---p 0000e000 ca:01 11830                      /usr/lib/jvm/java-1.8.0-openjdk-1.8.0.141-1.b16.32.amzn1.x86_64/jre/lib/amd64/jli/libjli.so
7fb7355c5000-7fb7355c6000 rw-p 0000d000 ca:01 11830                      /usr/lib/jvm/java-1.8.0-openjdk-1.8.0.141-1.b16.32.amzn1.x86_64/jre/lib/amd64/jli/libjli.so
7fb7355c6000-7fb7355db000 r-xp 00000000 ca:01 3374                       /lib64/libz.so.1.2.8
7fb7355db000-7fb7357da000 ---p 00015000 ca:01 3374                       /lib64/libz.so.1.2.8
7fb7357da000-7fb7357db000 r--p 00014000 ca:01 3374                       /lib64/libz.so.1.2.8
7fb7357db000-7fb7357dc000 rw-p 00015000 ca:01 3374                       /lib64/libz.so.1.2.8
7fb7357dc000-7fb7357f3000 r-xp 00000000 ca:01 3334                       /lib64/libpthread-2.17.so
7fb7357f3000-7fb7359f2000 ---p 00017000 ca:01 3334                       /lib64/libpthread-2.17.so
7fb7359f2000-7fb7359f3000 r--p 00016000 ca:01 3334                       /lib64/libpthread-2.17.so
7fb7359f3000-7fb7359f4000 rw-p 00017000 ca:01 3334                       /lib64/libpthread-2.17.so
7fb7359f4000-7fb7359f8000 rw-p 00000000 00:00 0 
7fb7359f8000-7fb735a18000 r-xp 00000000 ca:01 3301                       /lib64/ld-2.17.so
7fb735a18000-7fb735a1b000 r--s 00016000 ca:01 397096                     /home/kalrav/.m2/repository/javax/servlet/javax.servlet-api/4.0.0-b03/javax.servlet-api-4.0.0-b03.jar
7fb735a1b000-7fb735a2c000 r--s 000b7000 ca:01 397086                     /home/kalrav/.m2/repository/org/springframework/spring-web/4.3.7.RELEASE/spring-web-4.3.7.RELEASE.jar
7fb735a2c000-7fb735a2e000 r--s 0000e000 ca:01 397085                     /home/kalrav/.m2/repository/commons-logging/commons-logging/1.2/commons-logging-1.2.jar
7fb735a2e000-7fb735a32000 r--s 00019000 ca:01 397834                     /home/kalrav/.m2/repository/org/apache/maven/surefire/surefire-api/2.12.4/surefire-api-2.12.4.jar
7fb735a32000-7fb735a38000 rw-p 00000000 00:00 0 
7fb735a38000-7fb735a86000 ---p 00000000 00:00 0 
7fb735a86000-7fb735a89000 rw-p 00000000 00:00 0 
7fb735a89000-7fb735aaf000 ---p 00000000 00:00 0 
7fb735aaf000-7fb735ab5000 rw-p 00000000 00:00 0 
7fb735ab5000-7fb735b03000 ---p 00000000 00:00 0 
7fb735b03000-7fb735b04000 rw-p 00000000 00:00 0 
7fb735b04000-7fb735b0c000 rw-s 00000000 ca:01 268436                     /tmp/hsperfdata_kalrav/22762
7fb735b0c000-7fb735b0f000 ---p 00000000 00:00 0 
7fb735b0f000-7fb735c12000 rw-p 00000000 00:00 0 
7fb735c12000-7fb735c14000 r--s 00007000 ca:01 397832                     /home/kalrav/.m2/repository/org/apache/maven/surefire/surefire-booter/2.12.4/surefire-booter-2.12.4.jar
7fb735c14000-7fb735c15000 r--s 00003000 ca:01 268435                     /home/kalrav/kalravwebservice/target/surefire/surefirebooter3758105607913979479.jar
7fb735c15000-7fb735c16000 rw-p 00000000 00:00 0 
7fb735c16000-7fb735c17000 r--p 00000000 00:00 0 
7fb735c17000-7fb735c18000 rw-p 00000000 00:00 0 
7fb735c18000-7fb735c19000 r--p 00020000 ca:01 3301                       /lib64/ld-2.17.so
7fb735c19000-7fb735c1a000 rw-p 00021000 ca:01 3301                       /lib64/ld-2.17.so
7fb735c1a000-7fb735c1b000 rw-p 00000000 00:00 0 
7ffc27020000-7ffc27041000 rw-p 00000000 00:00 0                          [stack]
7ffc2718a000-7ffc2718c000 r--p 00000000 00:00 0                          [vvar]
7ffc2718c000-7ffc2718e000 r-xp 00000000 00:00 0                          [vdso]
ffffffffff600000-ffffffffff601000 r-xp 00000000 00:00 0                  [vsyscall]

VM Arguments:
java_command: /home/kalrav/kalravwebservice/target/surefire/surefirebooter3758105607913979479.jar /home/kalrav/kalravwebservice/target/surefire/surefire7073294000856547463tmp /home/kalrav/kalravwebservice/target/surefire/surefire_07871531667040941408tmp
java_class_path (initial): /home/kalrav/kalravwebservice/target/surefire/surefirebooter3758105607913979479.jar
Launcher Type: SUN_STANDARD

Environment Variables:
JAVA_HOME=/usr/lib/jvm/java-1.8.0-openjdk
JRE_HOME=/usr/lib/jvm/java-1.8.0-openjdk/jre
PATH=/usr/local/maven/current/bin:/usr/local/bin:/bin:/usr/bin:/usr/local/sbin:/usr/sbin:/sbin:/usr/java/jdk/1.8.0_141/bin:/usr/local/apache-ant/bin:/home/kalrav/.local/bin:/home/kalrav/bin
SHELL=/bin/bash

Signal Handlers:
SIGSEGV: [libjvm.so+0xa1d300], sa_mask[0]=11111111011111111101111111111110, sa_flags=SA_RESTART|SA_SIGINFO
SIGBUS: [libjvm.so+0xa1d300], sa_mask[0]=11111111011111111101111111111110, sa_flags=SA_RESTART|SA_SIGINFO
SIGFPE: [libjvm.so+0x876f40], sa_mask[0]=11111111011111111101111111111110, sa_flags=SA_RESTART|SA_SIGINFO
SIGPIPE: [libjvm.so+0x876f40], sa_mask[0]=11111111011111111101111111111110, sa_flags=SA_RESTART|SA_SIGINFO
SIGXFSZ: [libjvm.so+0x876f40], sa_mask[0]=11111111011111111101111111111110, sa_flags=SA_RESTART|SA_SIGINFO
SIGILL: [libjvm.so+0x876f40], sa_mask[0]=11111111011111111101111111111110, sa_flags=SA_RESTART|SA_SIGINFO
SIGUSR1: SIG_DFL, sa_mask[0]=00000000000000000000000000000000, sa_flags=none
SIGUSR2: [libjvm.so+0x876df0], sa_mask[0]=00100000000000000000000000000000, sa_flags=SA_RESTART|SA_SIGINFO
SIGHUP: [libjvm.so+0x877000], sa_mask[0]=11111111011111111101111111111110, sa_flags=SA_RESTART|SA_SIGINFO
SIGINT: [libjvm.so+0x877000], sa_mask[0]=11111111011111111101111111111110, sa_flags=SA_RESTART|SA_SIGINFO
SIGTERM: [libjvm.so+0x877000], sa_mask[0]=11111111011111111101111111111110, sa_flags=SA_RESTART|SA_SIGINFO
SIGQUIT: [libjvm.so+0x877000], sa_mask[0]=11111111011111111101111111111110, sa_flags=SA_RESTART|SA_SIGINFO


---------------  S Y S T E M  ---------------

OS:Amazon Linux AMI release 2017.03

uname:Linux 4.9.38-16.35.amzn1.x86_64 #1 SMP Sat Aug 5 01:39:35 UTC 2017 x86_64
libc:glibc 2.17 NPTL 2.17 
rlimit: STACK 8192k, CORE 0k, NPROC 3904, NOFILE 4096, AS infinity
load average:0.58 0.17 0.05

/proc/meminfo:
MemTotal:        1017372 kB
MemFree:           60940 kB
MemAvailable:          0 kB
Buffers:             388 kB
Cached:             7464 kB
SwapCached:            0 kB
Active:           907544 kB
Inactive:           4036 kB
Active(anon):     903752 kB
Inactive(anon):       76 kB
Active(file):       3792 kB
Inactive(file):     3960 kB
Unevictable:           0 kB
Mlocked:               0 kB
SwapTotal:             0 kB
SwapFree:              0 kB
Dirty:               112 kB
Writeback:             0 kB
AnonPages:        903744 kB
Mapped:             6352 kB
Shmem:                84 kB
Slab:              22524 kB
SReclaimable:      10728 kB
SUnreclaim:        11796 kB
KernelStack:        3600 kB
PageTables:         9380 kB
NFS_Unstable:          0 kB
Bounce:                0 kB
WritebackTmp:          0 kB
CommitLimit:      508684 kB
Committed_AS:    1242720 kB
VmallocTotal:   34359738367 kB
VmallocUsed:           0 kB
VmallocChunk:          0 kB
AnonHugePages:         0 kB
ShmemHugePages:        0 kB
ShmemPmdMapped:        0 kB
HugePages_Total:       0
HugePages_Free:        0
HugePages_Rsvd:        0
HugePages_Surp:        0
Hugepagesize:       2048 kB
DirectMap4k:       12288 kB
DirectMap2M:     1036288 kB


CPU:total 1 (initial active 1) (1 cores per cpu, 1 threads per core) family 6 model 63 stepping 2, cmov, cx8, fxsr, mmx, sse, sse2, sse3, ssse3, sse4.1, sse4.2, popcnt, avx, avx2, aes, clmul, erms, lzcnt, tsc, bmi1, bmi2

/proc/cpuinfo:
processor	: 0
vendor_id	: GenuineIntel
cpu family	: 6
model		: 63
model name	: Intel(R) Xeon(R) CPU E5-2676 v3 @ 2.40GHz
stepping	: 2
microcode	: 0x3a
cpu MHz		: 2400.070
cache size	: 30720 KB
physical id	: 0
siblings	: 1
core id		: 0
cpu cores	: 1
apicid		: 0
initial apicid	: 0
fpu		: yes
fpu_exception	: yes
cpuid level	: 13
wp		: yes
flags		: fpu vme de pse tsc msr pae mce cx8 apic sep mtrr pge mca cmov pat pse36 clflush mmx fxsr sse sse2 ht syscall nx rdtscp lm constant_tsc rep_good nopl xtopology eagerfpu pni pclmulqdq ssse3 fma cx16 pcid sse4_1 sse4_2 x2apic movbe popcnt tsc_deadline_timer aes xsave avx f16c rdrand hypervisor lahf_lm abm fsgsbase bmi1 avx2 smep bmi2 erms invpcid xsaveopt
bugs		:
bogomips	: 4800.08
clflush size	: 64
cache_alignment	: 64
address sizes	: 46 bits physical, 48 bits virtual
power management:



Memory: 4k page, physical 1017372k(60940k free), swap 0k(0k free)

vm_info: OpenJDK 64-Bit Server VM (25.141-b16) for linux-amd64 JRE (1.8.0_141-b16), built on Jul 25 2017 17:29:02 by "mockbuild" with gcc 4.8.3 20140911 (Red Hat 4.8.3-9)

time: Sat Nov  4 11:27:02 2017
elapsed time: 1 seconds (0d 0h 0m 1s)

